2025-09-21 10:32:08 [main] INFO  testCases.TC001_AccountRegistrationTest - validating expected message
2025-09-21 10:32:08 [main] INFO  testCases.TC001_AccountRegistrationTest - *** Finished TC001_AccountRegistrationTest *******
2025-09-21 10:32:11 [main] INFO  testCases.TC002_LoginTest - ***** starting TC002_LoginTest *****
2025-09-21 10:32:14 [main] INFO  testCases.TC002_LoginTest - ****** Finished TC002_LoginTest *****
2025-09-21 10:36:13 [main] INFO  testCases.TC001_AccountRegistrationTest - ********** Starting TC001_AccountRegistrationTest ********
2025-09-21 10:36:13 [main] INFO  testCases.TC001_AccountRegistrationTest - clicked on MyAccount link
2025-09-21 10:36:14 [main] INFO  testCases.TC001_AccountRegistrationTest - clicked on Register link
2025-09-21 10:36:14 [main] INFO  testCases.TC001_AccountRegistrationTest - Providing customer details
2025-09-21 10:36:16 [main] INFO  testCases.TC001_AccountRegistrationTest - validating expected message
2025-09-21 10:36:16 [main] INFO  testCases.TC001_AccountRegistrationTest - *** Finished TC001_AccountRegistrationTest *******
2025-09-21 10:36:18 [main] INFO  testCases.TC002_LoginTest - ***** starting TC002_LoginTest *****
2025-09-21 10:36:20 [main] INFO  testCases.TC002_LoginTest - ****** Finished TC002_LoginTest *****
2025-09-21 11:07:44 [main] INFO  testCases.TC001_AccountRegistrationTest - ********** Starting TC001_AccountRegistrationTest ********
2025-09-21 11:07:44 [main] INFO  testCases.TC001_AccountRegistrationTest - clicked on MyAccount link
2025-09-21 11:07:46 [main] INFO  testCases.TC001_AccountRegistrationTest - clicked on Register link
2025-09-21 11:07:46 [main] INFO  testCases.TC001_AccountRegistrationTest - Providing customer details
2025-09-21 11:07:49 [main] INFO  testCases.TC001_AccountRegistrationTest - validating expected message
2025-09-21 11:07:49 [main] INFO  testCases.TC001_AccountRegistrationTest - *** Finished TC001_AccountRegistrationTest *******
2025-09-21 11:07:52 [main] INFO  testCases.TC002_LoginTest - ***** starting TC002_LoginTest *****
2025-09-21 11:07:54 [main] INFO  testCases.TC002_LoginTest - ****** Finished TC002_LoginTest *****
2025-09-21 11:08:34 [main] INFO  testCases.TC001_AccountRegistrationTest - ********** Starting TC001_AccountRegistrationTest ********
2025-09-21 11:08:34 [main] INFO  testCases.TC001_AccountRegistrationTest - clicked on MyAccount link
2025-09-21 11:08:35 [main] INFO  testCases.TC001_AccountRegistrationTest - clicked on Register link
2025-09-21 11:08:35 [main] INFO  testCases.TC001_AccountRegistrationTest - Providing customer details
2025-09-21 11:08:38 [main] INFO  testCases.TC001_AccountRegistrationTest - validating expected message
2025-09-21 11:08:38 [main] INFO  testCases.TC001_AccountRegistrationTest - *** Finished TC001_AccountRegistrationTest *******
2025-09-21 11:08:41 [main] INFO  testCases.TC002_LoginTest - ***** starting TC002_LoginTest *****
2025-09-21 11:08:44 [main] INFO  testCases.TC002_LoginTest - ****** Finished TC002_LoginTest *****
2025-09-21 11:10:55 [main] INFO  testCases.TC001_AccountRegistrationTest - ********** Starting TC001_AccountRegistrationTest ********
2025-09-21 11:10:55 [main] INFO  testCases.TC001_AccountRegistrationTest - clicked on MyAccount link
2025-09-21 11:10:56 [main] INFO  testCases.TC001_AccountRegistrationTest - clicked on Register link
2025-09-21 11:10:56 [main] INFO  testCases.TC001_AccountRegistrationTest - Providing customer details
2025-09-21 11:10:58 [main] INFO  testCases.TC001_AccountRegistrationTest - validating expected message
2025-09-21 11:10:58 [main] INFO  testCases.TC001_AccountRegistrationTest - *** Finished TC001_AccountRegistrationTest *******
2025-09-21 11:11:03 [main] INFO  testCases.TC002_LoginTest - ***** starting TC002_LoginTest *****
2025-09-21 11:11:05 [main] INFO  testCases.TC002_LoginTest - ****** Finished TC002_LoginTest *****
2025-09-21 11:11:28 [main] INFO  testCases.TC001_AccountRegistrationTest - ********** Starting TC001_AccountRegistrationTest ********
2025-09-21 11:11:28 [main] INFO  testCases.TC001_AccountRegistrationTest - clicked on MyAccount link
2025-09-21 11:11:29 [main] INFO  testCases.TC001_AccountRegistrationTest - clicked on Register link
2025-09-21 11:11:29 [main] INFO  testCases.TC001_AccountRegistrationTest - Providing customer details
2025-09-21 11:11:32 [main] INFO  testCases.TC001_AccountRegistrationTest - validating expected message
2025-09-21 11:11:32 [main] INFO  testCases.TC001_AccountRegistrationTest - *** Finished TC001_AccountRegistrationTest *******
2025-09-21 11:11:36 [main] INFO  testCases.TC002_LoginTest - ***** starting TC002_LoginTest *****
2025-09-21 11:11:38 [main] INFO  testCases.TC002_LoginTest - ****** Finished TC002_LoginTest *****
2025-09-21 11:35:40 [main] INFO  testCases.TC001_AccountRegistrationTest - ********** Starting TC001_AccountRegistrationTest ********
2025-09-21 11:35:40 [main] INFO  testCases.TC001_AccountRegistrationTest - clicked on MyAccount link
